C:\Users\zainu\Desktop\курс\proekt2\Ozhaev Zaynudin Sharik3.cpp: In function 'void MoveBall()':
C:\Users\zainu\Desktop\курс\proekt2\Ozhaev Zaynudin Sharik3.cpp:39:9: error: 'x' was not declared in this scope
         x += vx * dt;
         ^
C:\Users\zainu\Desktop\курс\proekt2\Ozhaev Zaynudin Sharik3.cpp:39:14: error: 'vx' was not declared in this scope
         x += vx * dt;
              ^
C:\Users\zainu\Desktop\курс\proekt2\Ozhaev Zaynudin Sharik3.cpp:40:9: error: 'y' was not declared in this scope
         y += vy * dt;
         ^
C:\Users\zainu\Desktop\курс\proekt2\Ozhaev Zaynudin Sharik3.cpp:40:14: error: 'vy' was not declared in this scope
         y += vy * dt;
              ^
C:\Users\zainu\Desktop\курс\proekt2\Ozhaev Zaynudin Sharik3.cpp:42:23: error: 'r' was not declared in this scope
         if (x > 800 - r)
                       ^
C:\Users\zainu\Desktop\курс\proekt2\Ozhaev Zaynudin Sharik3.cpp:48:23: error: 'r' was not declared in this scope
         if (y > 600 - r)
                       ^
C:\Users\zainu\Desktop\курс\proekt2\Ozhaev Zaynudin Sharik3.cpp:54:21: error: 'r' was not declared in this scope
         if (x < 0 + r)
                     ^
C:\Users\zainu\Desktop\курс\proekt2\Ozhaev Zaynudin Sharik3.cpp:60:21: error: 'r' was not declared in this scope
         if (y < 0 + r)
                     ^
C:\Users\zainu\Desktop\курс\proekt2\Ozhaev Zaynudin Sharik3.cpp:20:10: warning: unused variable 'r1' [-Wunused-variable]
          r1 =  20;
          ^
C:\Users\zainu\Desktop\курс\proekt2\Ozhaev Zaynudin Sharik3.cpp:24:10: warning: unused variable 'r2' [-Wunused-variable]
          r2 =  20;
          ^
C:\Users\zainu\Desktop\курс\proekt2\Ozhaev Zaynudin Sharik3.cpp:26:10: warning: unused variable 'x3' [-Wunused-variable]
      int x3 = 100,  y3 = 100,
          ^
C:\Users\zainu\Desktop\курс\proekt2\Ozhaev Zaynudin Sharik3.cpp:26:21: warning: unused variable 'y3' [-Wunused-variable]
      int x3 = 100,  y3 = 100,
                     ^
C:\Users\zainu\Desktop\курс\proekt2\Ozhaev Zaynudin Sharik3.cpp:27:9: warning: unused variable 'vx3' [-Wunused-variable]
         vx3 =   5, vy3 =   3,
         ^
C:\Users\zainu\Desktop\курс\proekt2\Ozhaev Zaynudin Sharik3.cpp:27:20: warning: unused variable 'vy3' [-Wunused-variable]
         vx3 =   5, vy3 =   3,
                    ^
C:\Users\zainu\Desktop\курс\proekt2\Ozhaev Zaynudin Sharik3.cpp:28:10: warning: unused variable 'r3' [-Wunused-variable]
          r3 =  20;
          ^
In file included from c:\users\zainu\desktop\курс\codeblocks\mingw\include\txlib.h:1:0,
                 from C:\Users\zainu\Desktop\курс\proekt2\Ozhaev Zaynudin Sharik3.cpp:2:
C:\Users\zainu\Desktop\курс\proekt2\Ozhaev Zaynudin Sharik3.cpp: In function 'void DrowBall(int, int, int, int, COLORREF, COLORREF)':
C:\Users\zainu\Desktop\курс\proekt2\Ozhaev Zaynudin Sharik3.cpp:102:21: error: 'r' was not declared in this scope
     txCircle (x, y, r);
                     ^
---------------------------------------------------------------------------------------------
[31.05.2021  1:44:17,16 C:\Users\zainu@DESKTOP-ZAINU, returned 1]
C:\Users\zainu\Desktop\курс\proekt2> g++.exe "C:\Users\zainu\Desktop\курс\proekt2\Ozhaev Zaynudin Sharik3.cpp" -o "C:\Users\zainu\Desktop\курс\proekt2\Ozhaev Zaynudin Sharik3.exe"  -Wshadow -Winit-self -Wredundant-decls -Wcast-align -Wundef -Wfloat-equal -Winline -Wunreachable-code -Wmissing-declarations -Wmissing-include-dirs -Wswitch-enum -Wswitch-default -Weffc++ -Wmain -Wextra -Wall -g -pipe -fexceptions -Wcast-qual -Wconversion -Wctor-dtor-privacy -Wempty-body -Wformat-security -Wformat=2 -Wignored-qualifiers -Wlogical-op -Wmissing-field-initializers -Wnon-virtual-dtor -Woverloaded-virtual -Wpointer-arith -Wsign-promo -Wstack-usage=8192 -Wstrict-aliasing -Wstrict-null-sentinel -Wtype-limits -Wwrite-strings -D_DEBUG -D_EJUDGE_CLIENT_SIDE -D_EJC
